<?xml version="1.0" encoding="UTF-8"?>
<testng-results ignored="0" total="4" passed="3" failed="1" skipped="0">
  <reporter-output>
  </reporter-output>
  <suite started-at="2021-12-15T16:19:03 IST" name="Suite" finished-at="2021-12-15T16:19:22 IST" duration-ms="18883">
    <groups>
    </groups>
    <test started-at="2021-12-15T16:19:03 IST" name="Validating landing page is correct" finished-at="2021-12-15T16:19:21 IST" duration-ms="17296">
      <class name="Academy.E2EProject.validateTitle">
        <test-method is-config="true" signature="setup()[pri:0, instance:Academy.E2EProject.validateTitle@58c34bb3]" started-at="2021-12-15T16:19:03 IST" name="setup" finished-at="2021-12-15T16:19:18 IST" duration-ms="14955" status="PASS">
          <reporter-output>
          </reporter-output>
        </test-method> <!-- setup -->
        <test-method signature="validateAppTitle()[pri:0, instance:Academy.E2EProject.validateTitle@58c34bb3]" started-at="2021-12-15T16:19:18 IST" name="validateAppTitle" finished-at="2021-12-15T16:19:18 IST" duration-ms="58" status="FAIL">
          <exception class="java.lang.AssertionError">
            <message>
              <![CDATA[expected [FEATURED COURSES123] but found [FEATURED COURSES]]]>
            </message>
            <full-stacktrace>
              <![CDATA[java.lang.AssertionError: expected [FEATURED COURSES123] but found [FEATURED COURSES]
at org.testng.Assert.fail(Assert.java:99)
at org.testng.Assert.failNotEquals(Assert.java:1037)
at org.testng.Assert.assertEqualsImpl(Assert.java:140)
at org.testng.Assert.assertEquals(Assert.java:122)
at org.testng.Assert.assertEquals(Assert.java:629)
at org.testng.Assert.assertEquals(Assert.java:639)
at Academy.E2EProject.validateTitle.validateAppTitle(validateTitle.java:38)
at java.base/jdk.internal.reflect.NativeMethodAccessorImpl.invoke0(Native Method)
at java.base/jdk.internal.reflect.NativeMethodAccessorImpl.invoke(NativeMethodAccessorImpl.java:62)
at java.base/jdk.internal.reflect.DelegatingMethodAccessorImpl.invoke(DelegatingMethodAccessorImpl.java:43)
at java.base/java.lang.reflect.Method.invoke(Method.java:567)
at org.testng.internal.MethodInvocationHelper.invokeMethod(MethodInvocationHelper.java:132)
at org.testng.internal.TestInvoker.invokeMethod(TestInvoker.java:599)
at org.testng.internal.TestInvoker.invokeTestMethod(TestInvoker.java:174)
at org.testng.internal.MethodRunner.runInSequence(MethodRunner.java:46)
at org.testng.internal.TestInvoker$MethodInvocationAgent.invoke(TestInvoker.java:822)
at org.testng.internal.TestInvoker.invokeTestMethods(TestInvoker.java:147)
at org.testng.internal.TestMethodWorker.invokeTestMethods(TestMethodWorker.java:146)
at org.testng.internal.TestMethodWorker.run(TestMethodWorker.java:128)
at java.base/java.util.ArrayList.forEach(ArrayList.java:1507)
at org.testng.TestRunner.privateRun(TestRunner.java:764)
at org.testng.TestRunner.run(TestRunner.java:585)
at org.testng.SuiteRunner.runTest(SuiteRunner.java:384)
at org.testng.SuiteRunner.access$000(SuiteRunner.java:28)
at org.testng.SuiteRunner$SuiteWorker.run(SuiteRunner.java:425)
at org.testng.internal.thread.ThreadUtil.lambda$execute$0(ThreadUtil.java:66)
at java.base/java.util.concurrent.FutureTask.run(FutureTask.java:264)
at java.base/java.util.concurrent.ThreadPoolExecutor.runWorker(ThreadPoolExecutor.java:1128)
at java.base/java.util.concurrent.ThreadPoolExecutor$Worker.run(ThreadPoolExecutor.java:628)
at java.base/java.lang.Thread.run(Thread.java:830)
]]>
            </full-stacktrace>
          </exception> <!-- java.lang.AssertionError -->
          <reporter-output>
          </reporter-output>
        </test-method> <!-- validateAppTitle -->
        <test-method is-config="true" signature="tearDown()[pri:0, instance:Academy.E2EProject.validateTitle@58c34bb3]" started-at="2021-12-15T16:19:19 IST" name="tearDown" finished-at="2021-12-15T16:19:21 IST" duration-ms="1244" status="PASS">
          <reporter-output>
          </reporter-output>
        </test-method> <!-- tearDown -->
      </class> <!-- Academy.E2EProject.validateTitle -->
    </test> <!-- Validating landing page is correct -->
    <test started-at="2021-12-15T16:19:03 IST" name="Validating navigation bar" finished-at="2021-12-15T16:19:20 IST" duration-ms="16976">
      <class name="Academy.E2EProject.validateNavBar">
        <test-method is-config="true" signature="setup()[pri:0, instance:Academy.E2EProject.validateNavBar@16746061]" started-at="2021-12-15T16:19:03 IST" name="setup" finished-at="2021-12-15T16:19:18 IST" duration-ms="14347" status="PASS">
          <reporter-output>
          </reporter-output>
        </test-method> <!-- setup -->
        <test-method signature="basePageNavigation()[pri:0, instance:Academy.E2EProject.validateNavBar@16746061]" started-at="2021-12-15T16:19:18 IST" name="basePageNavigation" finished-at="2021-12-15T16:19:18 IST" duration-ms="128" status="PASS">
          <reporter-output>
          </reporter-output>
        </test-method> <!-- basePageNavigation -->
        <test-method is-config="true" signature="tearDown()[pri:0, instance:Academy.E2EProject.validateNavBar@16746061]" started-at="2021-12-15T16:19:18 IST" name="tearDown" finished-at="2021-12-15T16:19:20 IST" duration-ms="2443" status="PASS">
          <reporter-output>
          </reporter-output>
        </test-method> <!-- tearDown -->
      </class> <!-- Academy.E2EProject.validateNavBar -->
    </test> <!-- Validating navigation bar -->
    <test started-at="2021-12-15T16:19:03 IST" name="login to application" finished-at="2021-12-15T16:19:22 IST" duration-ms="18883">
      <class name="Academy.E2EProject.HomePage">
        <test-method is-config="true" signature="setup()[pri:0, instance:Academy.E2EProject.HomePage@4189d70b]" started-at="2021-12-15T16:19:03 IST" name="setup" finished-at="2021-12-15T16:19:10 IST" duration-ms="6337" status="PASS">
          <reporter-output>
          </reporter-output>
        </test-method> <!-- setup -->
        <test-method signature="basePageNavigation(java.lang.String, java.lang.String)[pri:0, instance:Academy.E2EProject.HomePage@4189d70b]" started-at="2021-12-15T16:19:10 IST" name="basePageNavigation" data-provider="getData" finished-at="2021-12-15T16:19:19 IST" duration-ms="8934" status="PASS">
          <params>
            <param index="0">
              <value>
                <![CDATA[nonrestricteduser@qw.com]]>
              </value>
            </param>
            <param index="1">
              <value>
                <![CDATA[12345]]>
              </value>
            </param>
          </params>
          <reporter-output>
          </reporter-output>
        </test-method> <!-- basePageNavigation -->
        <test-method signature="basePageNavigation(java.lang.String, java.lang.String)[pri:0, instance:Academy.E2EProject.HomePage@4189d70b]" started-at="2021-12-15T16:19:19 IST" name="basePageNavigation" data-provider="getData" finished-at="2021-12-15T16:19:22 IST" duration-ms="3087" status="PASS">
          <params>
            <param index="0">
              <value>
                <![CDATA[restricteduser@qw.com]]>
              </value>
            </param>
            <param index="1">
              <value>
                <![CDATA[456456456]]>
              </value>
            </param>
          </params>
          <reporter-output>
          </reporter-output>
        </test-method> <!-- basePageNavigation -->
        <test-method is-config="true" signature="tearDown()[pri:0, instance:Academy.E2EProject.HomePage@4189d70b]" started-at="2021-12-15T16:19:22 IST" name="tearDown" finished-at="2021-12-15T16:19:22 IST" duration-ms="397" status="PASS">
          <reporter-output>
          </reporter-output>
        </test-method> <!-- tearDown -->
      </class> <!-- Academy.E2EProject.HomePage -->
    </test> <!-- login to application -->
  </suite> <!-- Suite -->
</testng-results>
